2019-15-07 11:55:46   INFO [pages.StartPage] : Login page was opened
2019-15-07 11:55:46  ERROR [libs.ActionWithElements] : Can not work with element
2019-15-07 12:12:43   INFO [pages.StartPage] : Login page was opened
2019-15-07 12:12:43   INFO [libs.ActionWithElements] : Element was clicked
2019-15-07 12:12:53  ERROR [libs.ActionWithElements] : Can not work with element
2019-16-07 16:25:44   INFO [pages.StartPage] : Login page was opened
2019-16-07 16:25:44   INFO [libs.ActionWithElements] : Element was clicked
2019-16-07 16:25:55  ERROR [libs.ActionWithElements] : Can not work with element
2019-16-07 16:27:48   INFO [pages.StartPage] : Login page was opened
2019-16-07 16:27:48   INFO [libs.ActionWithElements] : Element was clicked
2019-16-07 16:27:58  ERROR [libs.ActionWithElements] : Can not work with element
2019-16-07 16:29:39   INFO [pages.StartPage] : Login page was opened
2019-16-07 16:29:39   INFO [libs.ActionWithElements] : Element was clicked
2019-16-07 16:29:40   INFO [libs.ActionWithElements] : Element was clicked
2019-16-07 16:29:40   INFO [libs.ActionWithElements] : Yuliia2019-07-16_16-29-35was inputted into input
2019-16-07 16:29:40   INFO [libs.ActionWithElements] : chernysh1993+2019-07-16_16-29-35@gamil.comwas inputted into input
2019-16-07 16:29:40   INFO [libs.ActionWithElements] : passswordwas inputted into input
2019-16-07 16:29:51  ERROR [libs.ActionWithElements] : Can not work with element
2019-16-07 16:31:54   INFO [pages.StartPage] : Login page was opened
2019-16-07 16:31:54   INFO [libs.ActionWithElements] : Element was clicked
2019-16-07 16:31:54   INFO [libs.ActionWithElements] : Element was clicked
2019-16-07 16:31:55   INFO [libs.ActionWithElements] : Yuliia2019-07-16_16-31-49was inputted into input
2019-16-07 16:31:55   INFO [libs.ActionWithElements] : chernysh1993+2019-07-16_16-31-49@gamil.comwas inputted into input
2019-16-07 16:31:55   INFO [libs.ActionWithElements] : passswordwas inputted into input
2019-16-07 16:32:05  ERROR [libs.ActionWithElements] : Can not work with element
2019-16-07 16:32:53   INFO [pages.StartPage] : Login page was opened
2019-16-07 16:32:53   INFO [libs.ActionWithElements] : Element was clicked
2019-16-07 16:32:53   INFO [libs.ActionWithElements] : Element was clicked
2019-16-07 16:32:54   INFO [libs.ActionWithElements] : Yuliia2019-07-16_16-32-48was inputted into input
2019-16-07 16:32:54   INFO [libs.ActionWithElements] : chernysh1993+2019-07-16_16-32-48@gamil.comwas inputted into input
2019-16-07 16:32:54   INFO [libs.ActionWithElements] : passswordwas inputted into input
2019-16-07 16:32:54   INFO [libs.ActionWithElements] : Element was clicked
2019-16-07 17:34:44   INFO [pages.StartPage] : Login page was opened
2019-16-07 17:34:44   INFO [libs.ActionWithElements] : Element was clicked
2019-16-07 17:34:45   INFO [libs.ActionWithElements] : Element was clicked
2019-16-07 17:34:45   INFO [libs.ActionWithElements] : Yuliiawas inputted into input
2019-16-07 17:34:45   INFO [libs.ActionWithElements] : was inputted into input
2019-16-07 17:34:45   INFO [libs.ActionWithElements] : was inputted into input
2019-16-07 17:34:45   INFO [libs.ActionWithElements] : Element was clicked
2019-16-07 17:54:31   INFO [pages.StartPage] : Login page was opened
2019-16-07 17:54:31   INFO [pages.StartPage] : https://book-ye.com.ua/
2019-16-07 17:54:31   INFO [pages.StartPage] : https://book-ye.com.ua/
2019-16-07 17:54:31   INFO [libs.ActionWithElements] : Element was clicked
2019-16-07 17:54:54   INFO [pages.StartPage] : Login page was opened
2019-16-07 17:54:54   INFO [pages.StartPage] : https://book-ye.com.ua/
2019-16-07 17:54:54   INFO [pages.StartPage] : https://book-ye.com.ua/
2019-16-07 17:54:54   INFO [libs.ActionWithElements] : Element was clicked
2019-20-07 10:07:37   INFO [pages.StartPage] : Login page was opened
2019-20-07 10:07:37   INFO [pages.StartPage] : https://book-ye.com.ua/
2019-20-07 10:07:37   INFO [pages.StartPage] : https://book-ye.com.ua/
2019-20-07 10:07:37   INFO [libs.ActionWithElements] : Element was clicked
2019-20-07 10:11:45   INFO [pages.StartPage] : Login page was opened
2019-20-07 10:11:45   INFO [pages.StartPage] : https://book-ye.com.ua/
2019-20-07 10:11:45   INFO [pages.StartPage] : https://book-ye.com.ua/
2019-20-07 10:11:45   INFO [libs.ActionWithElements] : Element was clicked
2019-20-07 10:15:53   INFO [pages.StartPage] : Login page was opened
2019-20-07 10:15:53   INFO [pages.StartPage] : https://book-ye.com.ua/
2019-20-07 10:15:53   INFO [pages.StartPage] : https://book-ye.com.ua/
2019-20-07 10:16:04  ERROR [libs.ActionWithElements] : Can not work with element
2019-20-07 10:20:22   INFO [pages.StartPage] : Login page was opened
2019-20-07 10:20:22   INFO [pages.StartPage] : https://book-ye.com.ua/
2019-20-07 10:20:22   INFO [pages.StartPage] : https://book-ye.com.ua/
2019-20-07 10:20:22   INFO [libs.ActionWithElements] : Element was clicked
2019-20-07 10:23:07   INFO [pages.StartPage] : Login page was opened
2019-20-07 10:23:07   INFO [pages.StartPage] : https://book-ye.com.ua/
2019-20-07 10:23:07   INFO [pages.StartPage] : https://book-ye.com.ua/
2019-20-07 10:23:08   INFO [libs.ActionWithElements] : Element was clicked
2019-20-07 10:24:46   INFO [pages.StartPage] : Login page was opened
2019-20-07 10:24:46   INFO [pages.StartPage] : https://book-ye.com.ua/
2019-20-07 10:24:46   INFO [pages.StartPage] : https://book-ye.com.ua/
2019-20-07 10:24:46   INFO [libs.ActionWithElements] : Element was clicked
2019-20-07 10:25:18   INFO [pages.StartPage] : Login page was opened
2019-20-07 10:25:18   INFO [pages.StartPage] : https://book-ye.com.ua/
2019-20-07 10:25:18   INFO [pages.StartPage] : https://book-ye.com.ua/
2019-20-07 10:25:18   INFO [libs.ActionWithElements] : Element was clicked
2019-20-07 10:29:38   INFO [pages.StartPage] : Login page was opened
2019-20-07 10:29:38   INFO [pages.StartPage] : https://book-ye.com.ua/
2019-20-07 10:29:38   INFO [pages.StartPage] : https://book-ye.com.ua/
2019-20-07 10:29:38   INFO [libs.ActionWithElements] : Element was clicked
2019-20-07 10:30:01   INFO [pages.StartPage] : Login page was opened
2019-20-07 10:30:01   INFO [pages.StartPage] : https://book-ye.com.ua/
2019-20-07 10:30:01   INFO [pages.StartPage] : https://book-ye.com.ua/
2019-20-07 10:30:01   INFO [libs.ActionWithElements] : Element was clicked
2019-20-07 10:31:41   INFO [pages.StartPage] : Login page was opened
2019-20-07 10:31:41   INFO [pages.StartPage] : https://book-ye.com.ua/
2019-20-07 10:31:41   INFO [pages.StartPage] : https://book-ye.com.ua/
2019-20-07 10:31:41   INFO [libs.ActionWithElements] : Element was clicked
2019-20-07 10:42:52   INFO [pages.StartPage] : Login page was opened
2019-20-07 10:42:52   INFO [pages.StartPage] : https://book-ye.com.ua/
2019-20-07 10:42:52   INFO [pages.StartPage] : https://book-ye.com.ua/
2019-20-07 10:42:53   INFO [libs.ActionWithElements] : Element was clicked
2019-20-07 10:44:43   INFO [pages.StartPage] : Login page was opened
2019-20-07 10:44:43   INFO [pages.StartPage] : https://book-ye.com.ua/
2019-20-07 10:44:43   INFO [pages.StartPage] : https://book-ye.com.ua/
2019-20-07 10:44:43   INFO [libs.ActionWithElements] : Element was clicked
2019-20-07 10:53:22   INFO [pages.StartPage] : Login page was opened
2019-20-07 10:53:22   INFO [pages.StartPage] : https://book-ye.com.ua/
2019-20-07 10:53:22   INFO [pages.StartPage] : https://book-ye.com.ua/
2019-20-07 10:53:22   INFO [libs.ActionWithElements] : Element was clicked
2019-20-07 10:53:35   INFO [pages.StartPage] : Login page was opened
2019-20-07 10:53:35   INFO [pages.StartPage] : https://book-ye.com.ua/
2019-20-07 10:53:35   INFO [pages.StartPage] : https://book-ye.com.ua/
2019-20-07 10:53:35   INFO [libs.ActionWithElements] : Element was clicked
2019-20-07 10:54:10   INFO [pages.StartPage] : Login page was opened
2019-20-07 10:54:10   INFO [pages.StartPage] : https://book-ye.com.ua/
2019-20-07 10:54:10   INFO [pages.StartPage] : https://book-ye.com.ua/
2019-20-07 10:54:11   INFO [libs.ActionWithElements] : Element was clicked
2019-20-07 10:54:43   INFO [pages.StartPage] : Login page was opened
2019-20-07 10:54:43   INFO [pages.StartPage] : https://book-ye.com.ua/
2019-20-07 10:54:43   INFO [pages.StartPage] : https://book-ye.com.ua/
2019-20-07 10:54:51   INFO [libs.ActionWithElements] : Element was clicked
2019-20-07 10:55:50   INFO [pages.StartPage] : Login page was opened
2019-20-07 10:55:50   INFO [pages.StartPage] : https://book-ye.com.ua/
2019-20-07 10:55:50   INFO [pages.StartPage] : https://book-ye.com.ua/
2019-20-07 10:55:50   INFO [libs.ActionWithElements] : Element was clicked
2019-20-07 11:00:27   INFO [pages.StartPage] : Login page was opened
2019-20-07 11:00:27   INFO [pages.StartPage] : https://book-ye.com.ua/
2019-20-07 11:00:27   INFO [pages.StartPage] : https://book-ye.com.ua/
2019-20-07 11:00:27   INFO [libs.ActionWithElements] : Element was clicked
2019-20-07 11:01:25   INFO [pages.StartPage] : Login page was opened
2019-20-07 11:01:25   INFO [pages.StartPage] : https://book-ye.com.ua/
2019-20-07 11:01:25   INFO [pages.StartPage] : https://book-ye.com.ua/
2019-20-07 11:01:25   INFO [libs.ActionWithElements] : Element was clicked
2019-20-07 11:11:41   INFO [pages.StartPage] : Login page was opened
2019-20-07 11:11:41   INFO [libs.ActionWithElements] : Element was clicked
2019-20-07 11:11:41   INFO [libs.ActionWithElements] : Element was clicked
2019-20-07 11:11:42   INFO [libs.ActionWithElements] : Yuliia2019-07-20_11-11-35was inputted into input
2019-20-07 11:11:42   INFO [libs.ActionWithElements] : chernysh1993+2019-07-20_11-11-35@gamil.comwas inputted into input
2019-20-07 11:11:42   INFO [libs.ActionWithElements] : passswordwas inputted into input
2019-20-07 11:11:42   INFO [libs.ActionWithElements] : Element was clicked
2019-20-07 12:22:38   INFO [pages.StartPage] : Login page was opened
2019-20-07 12:22:38   INFO [pages.StartPage] : https://book-ye.com.ua/
2019-20-07 12:22:38   INFO [pages.StartPage] : https://book-ye.com.ua/
2019-20-07 12:22:38   INFO [libs.ActionWithElements] : Element was clicked
2019-20-07 12:23:09  ERROR [libs.ActionWithElements] : Can not work with element
2019-20-07 12:24:35   INFO [pages.StartPage] : Start page was opened
2019-20-07 12:24:35   INFO [pages.StartPage] : https://book-ye.com.ua/
2019-20-07 12:24:35   INFO [pages.StartPage] : https://book-ye.com.ua/
2019-20-07 12:24:35   INFO [libs.ActionWithElements] : Element was clicked
2019-20-07 12:25:06  ERROR [libs.ActionWithElements] : Can not work with element
2019-20-07 12:27:21   INFO [pages.StartPage] : Start page was opened
2019-20-07 12:27:21   INFO [pages.StartPage] : https://book-ye.com.ua/
2019-20-07 12:27:21   INFO [pages.StartPage] : https://book-ye.com.ua/
2019-20-07 12:27:21   INFO [libs.ActionWithElements] : Element was clicked
2019-20-07 12:27:32  ERROR [libs.ActionWithElements] : Can not work with element
2019-20-07 12:38:15   INFO [pages.StartPage] : Start page was opened
2019-20-07 12:38:15   INFO [pages.StartPage] : https://book-ye.com.ua/
2019-20-07 12:38:15   INFO [pages.StartPage] : https://book-ye.com.ua/
2019-20-07 12:38:16   INFO [libs.ActionWithElements] : Element was clicked
2019-20-07 12:38:30  ERROR [libs.ActionWithElements] : Can not work with element
2019-20-07 12:39:25   INFO [pages.StartPage] : Start page was opened
2019-20-07 12:39:25   INFO [pages.StartPage] : https://book-ye.com.ua/
2019-20-07 12:39:25   INFO [pages.StartPage] : https://book-ye.com.ua/
2019-20-07 12:39:36  ERROR [libs.ActionWithElements] : Can not work with element
2019-20-07 12:40:25   INFO [pages.StartPage] : Start page was opened
2019-20-07 12:40:25   INFO [pages.StartPage] : https://book-ye.com.ua/
2019-20-07 12:40:25   INFO [pages.StartPage] : https://book-ye.com.ua/
2019-20-07 12:40:25   INFO [libs.ActionWithElements] : Element was clicked
2019-20-07 12:40:36  ERROR [libs.ActionWithElements] : Can not work with element
2019-20-07 12:41:06   INFO [pages.StartPage] : Start page was opened
2019-20-07 12:41:06   INFO [pages.StartPage] : https://book-ye.com.ua/
2019-20-07 12:41:06   INFO [pages.StartPage] : https://book-ye.com.ua/
2019-20-07 12:41:06   INFO [libs.ActionWithElements] : Element was clicked
2019-20-07 12:41:37  ERROR [libs.ActionWithElements] : Can not work with element
2019-20-07 12:45:49   INFO [pages.StartPage] : Start page was opened
2019-20-07 12:45:49   INFO [pages.StartPage] : https://book-ye.com.ua/
2019-20-07 12:45:49   INFO [pages.StartPage] : https://book-ye.com.ua/
2019-20-07 12:45:49   INFO [libs.ActionWithElements] : Element was clicked
2019-20-07 12:56:57   INFO [pages.StartPage] : Start page was opened
2019-20-07 12:56:57   INFO [pages.StartPage] : https://book-ye.com.ua/
2019-20-07 12:56:57   INFO [pages.StartPage] : https://book-ye.com.ua/
2019-20-07 12:56:57   INFO [libs.ActionWithElements] : Element was clicked
2019-20-07 12:57:08  ERROR [libs.ActionWithElements] : Can not work with element
2019-20-07 12:57:49   INFO [pages.StartPage] : Start page was opened
2019-20-07 12:57:49   INFO [pages.StartPage] : https://book-ye.com.ua/
2019-20-07 12:57:49   INFO [pages.StartPage] : https://book-ye.com.ua/
2019-20-07 12:57:49   INFO [libs.ActionWithElements] : Element was clicked
2019-20-07 12:58:00  ERROR [libs.ActionWithElements] : Can not work with element
2019-20-07 12:58:18   INFO [pages.StartPage] : Start page was opened
2019-20-07 12:58:18   INFO [pages.StartPage] : https://book-ye.com.ua/
2019-20-07 12:58:18   INFO [pages.StartPage] : https://book-ye.com.ua/
2019-20-07 12:58:18   INFO [libs.ActionWithElements] : Element was clicked
2019-20-07 12:58:28  ERROR [libs.ActionWithElements] : Can not work with element
2019-20-07 13:06:37   INFO [pages.StartPage] : Start page was opened
2019-20-07 13:06:37   INFO [pages.StartPage] : https://book-ye.com.ua/
2019-20-07 13:06:37   INFO [pages.StartPage] : https://book-ye.com.ua/
2019-20-07 13:06:38   INFO [libs.ActionWithElements] : Element was clicked
2019-20-07 13:06:48  ERROR [libs.ActionWithElements] : Can not work with element
2019-20-07 13:07:22   INFO [pages.StartPage] : Start page was opened
2019-20-07 13:07:22   INFO [pages.StartPage] : https://book-ye.com.ua/
2019-20-07 13:07:22   INFO [pages.StartPage] : https://book-ye.com.ua/
2019-20-07 13:07:22   INFO [libs.ActionWithElements] : Element was clicked
2019-20-07 13:07:33  ERROR [libs.ActionWithElements] : Can not work with element
2019-20-07 13:45:25   INFO [pages.StartPage] : Start page was opened
2019-20-07 13:45:25   INFO [pages.StartPage] : https://book-ye.com.ua/
2019-20-07 13:45:25   INFO [pages.StartPage] : https://book-ye.com.ua/
2019-20-07 13:45:25   INFO [libs.ActionWithElements] : Element was clicked
2019-20-07 13:56:21   INFO [pages.StartPage] : Start page was opened
2019-20-07 13:56:21   INFO [pages.StartPage] : https://book-ye.com.ua/
2019-20-07 13:56:21   INFO [pages.StartPage] : https://book-ye.com.ua/
2019-20-07 13:56:22   INFO [libs.ActionWithElements] : Element was clicked
2019-20-07 13:56:26   INFO [libs.ActionWithElements] : Element was clicked
2019-20-07 13:56:26   INFO [pages.CatalogPage] : https://book-ye.com.ua/catalog/nekhudozhnya-literatura/
2019-20-07 13:56:26   INFO [pages.CatalogPage] : https://book-ye.com.ua/catalog/nekhudozhnya-literatura/
2019-20-07 16:03:42   INFO [pages.StartPage] : Start page was opened
2019-20-07 16:03:42   INFO [pages.StartPage] : https://book-ye.com.ua/
2019-20-07 16:03:42   INFO [pages.StartPage] : https://book-ye.com.ua/
2019-20-07 16:03:42   INFO [libs.ActionWithElements] : Element was clicked
2019-20-07 16:04:27  ERROR [libs.ActionWithElements] : Can not work with element
2019-20-07 16:07:58   INFO [pages.StartPage] : Start page was opened
2019-20-07 16:07:58   INFO [pages.StartPage] : https://book-ye.com.ua/
2019-20-07 16:07:58   INFO [pages.StartPage] : https://book-ye.com.ua/
2019-20-07 16:07:58   INFO [libs.ActionWithElements] : Element was clicked
2019-20-07 16:09:19  ERROR [libs.ActionWithElements] : Can not work with element
2019-20-07 16:10:17   INFO [pages.StartPage] : Start page was opened
2019-20-07 16:10:17   INFO [pages.StartPage] : https://book-ye.com.ua/
2019-20-07 16:10:17   INFO [pages.StartPage] : https://book-ye.com.ua/
2019-20-07 16:10:17   INFO [libs.ActionWithElements] : Element was clicked
2019-20-07 16:19:13  ERROR [libs.ActionWithElements] : Can not work with element
2019-20-07 16:19:22   INFO [pages.StartPage] : Start page was opened
2019-20-07 16:19:22   INFO [pages.StartPage] : https://book-ye.com.ua/
2019-20-07 16:19:22   INFO [pages.StartPage] : https://book-ye.com.ua/
2019-20-07 16:19:22   INFO [libs.ActionWithElements] : Element was clicked
2019-20-07 16:20:51   INFO [pages.StartPage] : Start page was opened
2019-20-07 16:20:51   INFO [pages.StartPage] : https://book-ye.com.ua/
2019-20-07 16:20:51   INFO [pages.StartPage] : https://book-ye.com.ua/
2019-20-07 16:20:52   INFO [libs.ActionWithElements] : Element was clicked
2019-20-07 16:23:29   INFO [pages.StartPage] : Start page was opened
2019-20-07 16:23:29   INFO [pages.StartPage] : https://book-ye.com.ua/
2019-20-07 16:23:29   INFO [pages.StartPage] : https://book-ye.com.ua/
2019-20-07 16:23:30   INFO [libs.ActionWithElements] : Element was clicked
2019-20-07 16:23:40  ERROR [libs.ActionWithElements] : Can not work with element
2019-20-07 16:24:23   INFO [pages.StartPage] : Start page was opened
2019-20-07 16:24:23   INFO [pages.StartPage] : https://book-ye.com.ua/
2019-20-07 16:24:23   INFO [pages.StartPage] : https://book-ye.com.ua/
2019-20-07 16:24:23   INFO [libs.ActionWithElements] : Element was clicked
2019-20-07 16:24:34  ERROR [libs.ActionWithElements] : Can not work with element
2019-20-07 16:27:34   INFO [pages.StartPage] : Start page was opened
2019-20-07 16:27:34   INFO [pages.StartPage] : https://book-ye.com.ua/
2019-20-07 16:27:34   INFO [pages.StartPage] : https://book-ye.com.ua/
2019-20-07 16:27:34   INFO [libs.ActionWithElements] : Element was clicked
2019-20-07 16:28:05  ERROR [libs.ActionWithElements] : Can not work with element
2019-20-07 16:32:16   INFO [pages.StartPage] : Start page was opened
2019-20-07 16:32:16   INFO [pages.StartPage] : https://book-ye.com.ua/
2019-20-07 16:32:16   INFO [pages.StartPage] : https://book-ye.com.ua/
2019-20-07 16:32:17   INFO [libs.ActionWithElements] : Element was clicked
2019-20-07 16:32:17   INFO [libs.ActionWithElements] : Yuliia2019-07-20_16-32-12was inputted into input
2019-20-07 16:32:48  ERROR [libs.ActionWithElements] : Can not work with element
2019-20-07 16:40:57   INFO [pages.StartPage] : Start page was opened
2019-20-07 16:40:57   INFO [pages.StartPage] : https://book-ye.com.ua/
2019-20-07 16:40:57   INFO [pages.StartPage] : https://book-ye.com.ua/
2019-20-07 16:40:57   INFO [libs.ActionWithElements] : Element was clicked
2019-20-07 16:40:58   INFO [libs.ActionWithElements] : Yuliia2019-07-20_16-40-52was inputted into input
2019-20-07 16:40:58   INFO [libs.ActionWithElements] : chernysh1993+2019-07-20_16-40-52@gamil.comwas inputted into input
2019-20-07 16:40:58   INFO [libs.ActionWithElements] : This is testwas inputted into input
2019-20-07 16:41:12   INFO [pages.StartPage] : Start page was opened
2019-20-07 16:41:12   INFO [pages.StartPage] : https://book-ye.com.ua/
2019-20-07 16:41:12   INFO [pages.StartPage] : https://book-ye.com.ua/
2019-20-07 16:41:12   INFO [libs.ActionWithElements] : Element was clicked
2019-20-07 16:43:09   INFO [pages.StartPage] : Start page was opened
2019-20-07 16:43:09   INFO [pages.StartPage] : https://book-ye.com.ua/
2019-20-07 16:43:09   INFO [pages.StartPage] : https://book-ye.com.ua/
2019-20-07 16:43:09   INFO [libs.ActionWithElements] : Element was clicked
2019-20-07 16:43:10   INFO [libs.ActionWithElements] : Yuliia2019-07-20_16-43-04was inputted into input
2019-20-07 16:43:10   INFO [libs.ActionWithElements] : chernysh1993+2019-07-20_16-43-04@gamil.comwas inputted into input
2019-20-07 16:43:10   INFO [libs.ActionWithElements] : This is testwas inputted into input
2019-20-07 16:43:35   INFO [pages.StartPage] : Start page was opened
2019-20-07 16:43:35   INFO [pages.StartPage] : https://book-ye.com.ua/
2019-20-07 16:43:35   INFO [pages.StartPage] : https://book-ye.com.ua/
2019-20-07 16:43:35   INFO [libs.ActionWithElements] : Element was clicked
2019-20-07 16:43:36   INFO [libs.ActionWithElements] : Yuliia2019-07-20_16-43-31was inputted into input
2019-20-07 16:43:36   INFO [libs.ActionWithElements] : chernysh1993+2019-07-20_16-43-31@gamil.comwas inputted into input
2019-20-07 16:43:37   INFO [libs.ActionWithElements] : This is testwas inputted into input
2019-20-07 16:43:37   INFO [libs.ActionWithElements] : Element was clicked
2019-20-07 16:46:54   INFO [pages.StartPage] : Start page was opened
2019-20-07 16:46:54   INFO [pages.StartPage] : https://book-ye.com.ua/
2019-20-07 16:46:54   INFO [pages.StartPage] : https://book-ye.com.ua/
2019-20-07 16:46:54   INFO [libs.ActionWithElements] : Element was clicked
2019-20-07 16:46:55   INFO [libs.ActionWithElements] : Yuliia2019-07-20_16-46-49was inputted into input
2019-20-07 16:46:55   INFO [libs.ActionWithElements] : chernysh1993+2019-07-20_16-46-49@gamil.comwas inputted into input
2019-20-07 16:46:55   INFO [libs.ActionWithElements] : This is testwas inputted into input
2019-20-07 16:46:55   INFO [libs.ActionWithElements] : Element was clicked
2019-20-07 16:53:36   INFO [pages.StartPage] : Start page was opened
2019-20-07 16:53:36   INFO [pages.StartPage] : https://book-ye.com.ua/
2019-20-07 16:53:36   INFO [pages.StartPage] : https://book-ye.com.ua/
2019-20-07 16:53:36   INFO [libs.ActionWithElements] : Element was clicked
2019-20-07 16:53:37   INFO [libs.ActionWithElements] : Yuliia2019-07-20_16-53-31was inputted into input
2019-20-07 16:53:37   INFO [libs.ActionWithElements] : chernysh1993+2019-07-20_16-53-31@gamil.comwas inputted into input
2019-20-07 16:53:37   INFO [libs.ActionWithElements] : This is testwas inputted into input
2019-20-07 16:53:37   INFO [libs.ActionWithElements] : Element was clicked
2019-20-07 16:54:20   INFO [pages.StartPage] : Start page was opened
2019-20-07 16:54:20   INFO [pages.StartPage] : https://book-ye.com.ua/
2019-20-07 16:54:20   INFO [pages.StartPage] : https://book-ye.com.ua/
2019-20-07 16:54:20   INFO [libs.ActionWithElements] : Element was clicked
2019-20-07 16:54:21   INFO [libs.ActionWithElements] : Yuliia2019-07-20_16-54-15was inputted into input
2019-20-07 16:54:21   INFO [libs.ActionWithElements] : chernysh1993+2019-07-20_16-54-15@gamil.comwas inputted into input
2019-20-07 16:54:21   INFO [libs.ActionWithElements] : This is testwas inputted into input
2019-20-07 16:54:21   INFO [libs.ActionWithElements] : Element was clicked
2019-20-07 17:06:08   INFO [pages.StartPage] : Start page was opened
2019-20-07 17:06:08   INFO [pages.StartPage] : https://book-ye.com.ua/
2019-20-07 17:06:08   INFO [pages.StartPage] : https://book-ye.com.ua/
2019-20-07 17:06:08   INFO [libs.ActionWithElements] : Element was clicked
2019-20-07 17:06:13   INFO [libs.ActionWithElements] : Element was clicked
2019-20-07 17:06:13   INFO [pages.CatalogPage] : https://book-ye.com.ua/catalog/nekhudozhnya-literatura/
2019-20-07 17:06:13   INFO [pages.CatalogPage] : https://book-ye.com.ua/catalog/nekhudozhnya-literatura/
2019-20-07 17:06:13   INFO [pages.LegalLiteraturePage] : https://book-ye.com.ua/catalog/yurydychna-literatura/
2019-20-07 17:06:13   INFO [pages.LegalLiteraturePage] : https://book-ye.com.ua/catalog/nekhudozhnya-literatura/
2019-20-07 17:10:12   INFO [pages.StartPage] : Start page was opened
2019-20-07 17:10:12   INFO [pages.StartPage] : https://book-ye.com.ua/
2019-20-07 17:10:12   INFO [pages.StartPage] : https://book-ye.com.ua/
2019-20-07 17:10:12   INFO [libs.ActionWithElements] : Element was clicked
2019-20-07 17:10:16   INFO [libs.ActionWithElements] : Element was clicked
2019-20-07 17:10:16   INFO [pages.CatalogPage] : https://book-ye.com.ua/catalog/nekhudozhnya-literatura/
2019-20-07 17:10:16   INFO [pages.CatalogPage] : https://book-ye.com.ua/catalog/nekhudozhnya-literatura/
2019-20-07 17:10:16   INFO [pages.LegalLiteraturePage] : https://book-ye.com.ua/catalog/yurydychna-literatura/
2019-20-07 17:10:16   INFO [pages.LegalLiteraturePage] : https://book-ye.com.ua/catalog/nekhudozhnya-literatura/
2019-20-07 17:11:15   INFO [pages.StartPage] : Start page was opened
2019-20-07 17:11:15   INFO [pages.StartPage] : https://book-ye.com.ua/
2019-20-07 17:11:15   INFO [pages.StartPage] : https://book-ye.com.ua/
2019-20-07 17:11:15   INFO [libs.ActionWithElements] : Element was clicked
2019-20-07 17:11:20   INFO [libs.ActionWithElements] : Element was clicked
2019-20-07 17:11:20   INFO [pages.CatalogPage] : https://book-ye.com.ua/catalog/nekhudozhnya-literatura/
2019-20-07 17:11:20   INFO [pages.CatalogPage] : https://book-ye.com.ua/catalog/nekhudozhnya-literatura/
2019-20-07 17:11:50  ERROR [libs.ActionWithElements] : Can not work with element
2019-20-07 20:39:27   INFO [pages.StartPage] : Start page was opened
2019-20-07 20:39:27   INFO [pages.StartPage] : https://book-ye.com.ua/
2019-20-07 20:39:27   INFO [pages.StartPage] : https://book-ye.com.ua/
2019-20-07 20:39:27   INFO [libs.ActionWithElements] : Element was clicked
2019-20-07 20:39:31   INFO [libs.ActionWithElements] : Element was clicked
2019-20-07 20:39:31   INFO [pages.CatalogPage] : https://book-ye.com.ua/catalog/nekhudozhnya-literatura/
2019-20-07 20:39:31   INFO [pages.CatalogPage] : https://book-ye.com.ua/catalog/nekhudozhnya-literatura/
2019-20-07 20:40:02  ERROR [libs.ActionWithElements] : Can not work with element
2019-20-07 20:45:48   INFO [pages.StartPage] : Start page was opened
2019-20-07 20:45:48   INFO [pages.StartPage] : https://book-ye.com.ua/
2019-20-07 20:45:48   INFO [pages.StartPage] : https://book-ye.com.ua/
2019-20-07 20:45:48   INFO [libs.ActionWithElements] : Element was clicked
2019-20-07 20:45:53   INFO [libs.ActionWithElements] : Element was clicked
2019-20-07 20:45:53   INFO [pages.CatalogPage] : https://book-ye.com.ua/catalog/nekhudozhnya-literatura/
2019-20-07 20:45:53   INFO [pages.CatalogPage] : https://book-ye.com.ua/catalog/nekhudozhnya-literatura/
2019-20-07 20:45:54   INFO [libs.ActionWithElements] : Element was clicked
2019-20-07 20:45:54   INFO [pages.LegalLiteraturePage] : https://book-ye.com.ua/catalog/yurydychna-literatura/
2019-20-07 20:45:54   INFO [pages.LegalLiteraturePage] : https://book-ye.com.ua/catalog/yurydychna-literatura/
2019-20-07 20:45:56   INFO [libs.ActionWithElements] : Element was clicked
2019-20-07 20:45:56   INFO [pages.ConstitutionalRighPage] : https://book-ye.com.ua/catalog/konstytutsijne-pravo/
2019-20-07 20:45:56   INFO [pages.ConstitutionalRighPage] : https://book-ye.com.ua/catalog/konstytutsijne-pravo/
2019-20-07 20:53:08   INFO [pages.StartPage] : Start page was opened
2019-20-07 20:53:08   INFO [pages.StartPage] : https://book-ye.com.ua/
2019-20-07 20:53:08   INFO [pages.StartPage] : https://book-ye.com.ua/
2019-20-07 20:53:08   INFO [libs.ActionWithElements] : Element was clicked
2019-20-07 20:53:12   INFO [libs.ActionWithElements] : Element was clicked
2019-20-07 20:53:12   INFO [pages.CatalogPage] : https://book-ye.com.ua/catalog/nekhudozhnya-literatura/
2019-20-07 20:53:12   INFO [pages.CatalogPage] : https://book-ye.com.ua/catalog/nekhudozhnya-literatura/
2019-20-07 20:53:14   INFO [libs.ActionWithElements] : Element was clicked
2019-20-07 20:53:14   INFO [pages.LegalLiteraturePage] : https://book-ye.com.ua/catalog/yurydychna-literatura/
2019-20-07 20:53:14   INFO [pages.LegalLiteraturePage] : https://book-ye.com.ua/catalog/yurydychna-literatura/
2019-20-07 20:53:15   INFO [libs.ActionWithElements] : Element was clicked
2019-20-07 20:53:15   INFO [pages.ConstitutionalRighPage] : https://book-ye.com.ua/catalog/konstytutsijne-pravo/
2019-20-07 20:53:15   INFO [pages.ConstitutionalRighPage] : https://book-ye.com.ua/catalog/konstytutsijne-pravo/
2019-20-07 20:53:15   INFO [libs.ActionWithElements] : Element was clicked
2019-20-07 21:00:57   INFO [pages.StartPage] : Start page was opened
2019-20-07 21:00:57   INFO [pages.StartPage] : https://book-ye.com.ua/
2019-20-07 21:00:57   INFO [pages.StartPage] : https://book-ye.com.ua/
2019-20-07 21:00:58   INFO [libs.ActionWithElements] : Element was clicked
2019-20-07 21:01:02   INFO [libs.ActionWithElements] : Element was clicked
2019-20-07 21:01:02   INFO [pages.CatalogPage] : https://book-ye.com.ua/catalog/nekhudozhnya-literatura/
2019-20-07 21:01:02   INFO [pages.CatalogPage] : https://book-ye.com.ua/catalog/nekhudozhnya-literatura/
2019-20-07 21:01:03   INFO [libs.ActionWithElements] : Element was clicked
2019-20-07 21:01:03   INFO [pages.LegalLiteraturePage] : https://book-ye.com.ua/catalog/yurydychna-literatura/
2019-20-07 21:01:03   INFO [pages.LegalLiteraturePage] : https://book-ye.com.ua/catalog/yurydychna-literatura/
2019-20-07 21:01:04   INFO [libs.ActionWithElements] : Element was clicked
2019-20-07 21:01:04   INFO [pages.ConstitutionalRighPage] : https://book-ye.com.ua/catalog/konstytutsijne-pravo/
2019-20-07 21:01:04   INFO [pages.ConstitutionalRighPage] : https://book-ye.com.ua/catalog/konstytutsijne-pravo/
2019-20-07 21:01:05   INFO [libs.ActionWithElements] : Element was clicked
2019-20-07 21:01:06   INFO [libs.ActionWithElements] : Element was clicked
2019-20-07 21:09:06   INFO [pages.StartPage] : Start page was opened
2019-20-07 21:09:06   INFO [pages.StartPage] : https://book-ye.com.ua/
2019-20-07 21:09:06   INFO [pages.StartPage] : https://book-ye.com.ua/
2019-20-07 21:09:06   INFO [libs.ActionWithElements] : Element was clicked
2019-20-07 21:09:11   INFO [libs.ActionWithElements] : Element was clicked
2019-20-07 21:09:11   INFO [pages.CatalogPage] : https://book-ye.com.ua/catalog/nekhudozhnya-literatura/
2019-20-07 21:09:11   INFO [pages.CatalogPage] : https://book-ye.com.ua/catalog/nekhudozhnya-literatura/
2019-20-07 21:09:12   INFO [libs.ActionWithElements] : Element was clicked
2019-20-07 21:09:12   INFO [pages.LegalLiteraturePage] : https://book-ye.com.ua/catalog/yurydychna-literatura/
2019-20-07 21:09:12   INFO [pages.LegalLiteraturePage] : https://book-ye.com.ua/catalog/yurydychna-literatura/
2019-20-07 21:09:13   INFO [libs.ActionWithElements] : Element was clicked
2019-20-07 21:09:13   INFO [pages.ConstitutionalRighPage] : https://book-ye.com.ua/catalog/konstytutsijne-pravo/
2019-20-07 21:09:13   INFO [pages.ConstitutionalRighPage] : https://book-ye.com.ua/catalog/konstytutsijne-pravo/
2019-20-07 21:09:13   INFO [libs.ActionWithElements] : Element was clicked
2019-20-07 21:09:15   INFO [libs.ActionWithElements] : Element was clicked
2019-20-07 21:09:15   INFO [libs.ActionWithElements] : Element was clicked
2019-20-07 21:29:19   INFO [pages.StartPage] : Start page was opened
2019-20-07 21:29:19   INFO [pages.StartPage] : https://book-ye.com.ua/
2019-20-07 21:29:19   INFO [pages.StartPage] : https://book-ye.com.ua/
2019-20-07 21:29:19   INFO [libs.ActionWithElements] : Element was clicked
2019-20-07 21:29:23   INFO [libs.ActionWithElements] : Element was clicked
2019-20-07 21:29:23   INFO [pages.CatalogPage] : https://book-ye.com.ua/catalog/nekhudozhnya-literatura/
2019-20-07 21:29:23   INFO [pages.CatalogPage] : https://book-ye.com.ua/catalog/nekhudozhnya-literatura/
2019-20-07 21:29:25   INFO [libs.ActionWithElements] : Element was clicked
2019-20-07 21:29:25   INFO [pages.LegalLiteraturePage] : https://book-ye.com.ua/catalog/yurydychna-literatura/
2019-20-07 21:29:25   INFO [pages.LegalLiteraturePage] : https://book-ye.com.ua/catalog/yurydychna-literatura/
2019-20-07 21:29:26   INFO [libs.ActionWithElements] : Element was clicked
2019-20-07 21:29:26   INFO [pages.ConstitutionalRighPage] : https://book-ye.com.ua/catalog/konstytutsijne-pravo/
2019-20-07 21:29:26   INFO [pages.ConstitutionalRighPage] : https://book-ye.com.ua/catalog/konstytutsijne-pravo/
2019-20-07 21:29:26   INFO [libs.ActionWithElements] : Element was clicked
2019-20-07 21:29:28   INFO [libs.ActionWithElements] : Element was clicked
2019-20-07 21:29:28   INFO [libs.ActionWithElements] : Element was clicked
2019-20-07 21:31:10   INFO [pages.StartPage] : Start page was opened
2019-20-07 21:31:10   INFO [pages.StartPage] : https://book-ye.com.ua/
2019-20-07 21:31:10   INFO [pages.StartPage] : https://book-ye.com.ua/
2019-20-07 21:31:10   INFO [libs.ActionWithElements] : Element was clicked
2019-20-07 21:31:15   INFO [libs.ActionWithElements] : Element was clicked
2019-20-07 21:31:15   INFO [pages.CatalogPage] : https://book-ye.com.ua/catalog/nekhudozhnya-literatura/
2019-20-07 21:31:15   INFO [pages.CatalogPage] : https://book-ye.com.ua/catalog/nekhudozhnya-literatura/
2019-20-07 21:31:17   INFO [libs.ActionWithElements] : Element was clicked
2019-20-07 21:31:17   INFO [pages.LegalLiteraturePage] : https://book-ye.com.ua/catalog/yurydychna-literatura/
2019-20-07 21:31:17   INFO [pages.LegalLiteraturePage] : https://book-ye.com.ua/catalog/yurydychna-literatura/
2019-20-07 21:31:18   INFO [libs.ActionWithElements] : Element was clicked
2019-20-07 21:31:18   INFO [pages.ConstitutionalRighPage] : https://book-ye.com.ua/catalog/konstytutsijne-pravo/
2019-20-07 21:31:18   INFO [pages.ConstitutionalRighPage] : https://book-ye.com.ua/catalog/konstytutsijne-pravo/
2019-20-07 21:31:18   INFO [libs.ActionWithElements] : Element was clicked
2019-20-07 21:31:20   INFO [libs.ActionWithElements] : Element was clicked
2019-20-07 21:31:20   INFO [libs.ActionWithElements] : Element was clicked
2019-20-07 21:33:11   INFO [pages.StartPage] : Start page was opened
2019-20-07 21:33:11   INFO [pages.StartPage] : https://book-ye.com.ua/
2019-20-07 21:33:11   INFO [pages.StartPage] : https://book-ye.com.ua/
2019-20-07 21:33:11   INFO [libs.ActionWithElements] : Element was clicked
2019-20-07 21:33:15   INFO [libs.ActionWithElements] : Element was clicked
2019-20-07 21:33:15   INFO [pages.CatalogPage] : https://book-ye.com.ua/catalog/nekhudozhnya-literatura/
2019-20-07 21:33:15   INFO [pages.CatalogPage] : https://book-ye.com.ua/catalog/nekhudozhnya-literatura/
2019-20-07 21:33:16   INFO [libs.ActionWithElements] : Element was clicked
2019-20-07 21:33:16   INFO [pages.LegalLiteraturePage] : https://book-ye.com.ua/catalog/yurydychna-literatura/
2019-20-07 21:33:16   INFO [pages.LegalLiteraturePage] : https://book-ye.com.ua/catalog/yurydychna-literatura/
2019-20-07 21:33:18   INFO [libs.ActionWithElements] : Element was clicked
2019-20-07 21:33:18   INFO [pages.ConstitutionalRighPage] : https://book-ye.com.ua/catalog/konstytutsijne-pravo/
2019-20-07 21:33:18   INFO [pages.ConstitutionalRighPage] : https://book-ye.com.ua/catalog/konstytutsijne-pravo/
2019-20-07 21:33:18   INFO [libs.ActionWithElements] : Element was clicked
2019-20-07 21:33:19   INFO [libs.ActionWithElements] : Element was clicked
2019-20-07 21:33:19   INFO [libs.ActionWithElements] : Element was clicked
2019-20-07 21:36:06   INFO [pages.StartPage] : Start page was opened
2019-20-07 21:36:06   INFO [pages.StartPage] : https://book-ye.com.ua/
2019-20-07 21:36:06   INFO [pages.StartPage] : https://book-ye.com.ua/
2019-20-07 21:36:06   INFO [libs.ActionWithElements] : Element was clicked
2019-20-07 21:36:11   INFO [libs.ActionWithElements] : Element was clicked
2019-20-07 21:36:11   INFO [pages.CatalogPage] : https://book-ye.com.ua/catalog/nekhudozhnya-literatura/
2019-20-07 21:36:11   INFO [pages.CatalogPage] : https://book-ye.com.ua/catalog/nekhudozhnya-literatura/
2019-20-07 21:36:12   INFO [libs.ActionWithElements] : Element was clicked
2019-20-07 21:36:12   INFO [pages.LegalLiteraturePage] : https://book-ye.com.ua/catalog/yurydychna-literatura/
2019-20-07 21:36:12   INFO [pages.LegalLiteraturePage] : https://book-ye.com.ua/catalog/yurydychna-literatura/
2019-20-07 21:36:13   INFO [libs.ActionWithElements] : Element was clicked
2019-20-07 21:36:13   INFO [pages.ConstitutionalRighPage] : https://book-ye.com.ua/catalog/konstytutsijne-pravo/
2019-20-07 21:36:13   INFO [pages.ConstitutionalRighPage] : https://book-ye.com.ua/catalog/konstytutsijne-pravo/
2019-20-07 21:36:13   INFO [libs.ActionWithElements] : Element was clicked
2019-20-07 21:36:15   INFO [libs.ActionWithElements] : Element was clicked
2019-20-07 21:36:15   INFO [libs.ActionWithElements] : Element was clicked
2019-20-07 21:39:00   INFO [pages.StartPage] : Start page was opened
2019-20-07 21:39:00   INFO [pages.StartPage] : https://book-ye.com.ua/
2019-20-07 21:39:00   INFO [pages.StartPage] : https://book-ye.com.ua/
2019-20-07 21:39:00   INFO [libs.ActionWithElements] : Element was clicked
2019-20-07 21:39:05   INFO [libs.ActionWithElements] : Element was clicked
2019-20-07 21:39:05   INFO [pages.CatalogPage] : https://book-ye.com.ua/catalog/nekhudozhnya-literatura/
2019-20-07 21:39:05   INFO [pages.CatalogPage] : https://book-ye.com.ua/catalog/nekhudozhnya-literatura/
2019-20-07 21:39:06   INFO [libs.ActionWithElements] : Element was clicked
2019-20-07 21:39:06   INFO [pages.LegalLiteraturePage] : https://book-ye.com.ua/catalog/yurydychna-literatura/
2019-20-07 21:39:06   INFO [pages.LegalLiteraturePage] : https://book-ye.com.ua/catalog/yurydychna-literatura/
2019-20-07 21:39:08   INFO [libs.ActionWithElements] : Element was clicked
2019-20-07 21:39:08   INFO [pages.ConstitutionalRighPage] : https://book-ye.com.ua/catalog/konstytutsijne-pravo/
2019-20-07 21:39:08   INFO [pages.ConstitutionalRighPage] : https://book-ye.com.ua/catalog/konstytutsijne-pravo/
2019-20-07 21:39:08   INFO [libs.ActionWithElements] : Element was clicked
2019-20-07 21:39:09   INFO [libs.ActionWithElements] : Element was clicked
2019-20-07 21:39:09   INFO [libs.ActionWithElements] : Element was clicked
2019-21-07 11:43:20   INFO [pages.StartPage] : Start page was opened
2019-21-07 11:43:20   INFO [pages.StartPage] : https://book-ye.com.ua/
2019-21-07 11:43:20   INFO [pages.StartPage] : https://book-ye.com.ua/
2019-21-07 11:43:20   INFO [libs.ActionWithElements] : Element was clicked
2019-21-07 11:43:21   INFO [libs.ActionWithElements] : Yuliia2019-07-21_11-43-13was inputted into input
2019-21-07 11:43:21   INFO [libs.ActionWithElements] : chernysh1993+2019-07-21_11-43-13@gamil.comwas inputted into input
2019-21-07 11:43:21   INFO [libs.ActionWithElements] : This is testwas inputted into input
2019-21-07 11:43:22   INFO [libs.ActionWithElements] : Element was clicked
2019-21-07 12:06:42   INFO [pages.StartPage] : Start page was opened
2019-21-07 12:06:42   INFO [pages.StartPage] : https://book-ye.com.ua/
2019-21-07 12:06:42   INFO [pages.StartPage] : https://book-ye.com.ua/
2019-21-07 12:06:52  ERROR [libs.ActionWithElements] : Can not work with element
2019-21-07 12:07:45   INFO [pages.StartPage] : Start page was opened
2019-21-07 12:07:45   INFO [pages.StartPage] : https://book-ye.com.ua/
2019-21-07 12:07:45   INFO [pages.StartPage] : https://book-ye.com.ua/
2019-21-07 12:07:46   INFO [libs.ActionWithElements] : Element was clicked
2019-21-07 12:07:50   INFO [libs.ActionWithElements] : Element was clicked
2019-21-07 12:07:50   INFO [pages.FictionLiteraturePage] : https://book-ye.com.ua/catalog/khudozhnya-literatura/
2019-21-07 12:07:50   INFO [pages.FictionLiteraturePage] : https://book-ye.com.ua/catalog/khudozhnya-literatura/
2019-21-07 12:07:51   INFO [libs.ActionWithElements] : Element was clicked
2019-21-07 12:07:51   INFO [pages.HorrorsPage] : https://book-ye.com.ua/catalog/zhakhy-trylery/
2019-21-07 12:07:51   INFO [pages.HorrorsPage] : https://book-ye.com.ua/catalog/zhakhy-trylery/
2019-21-07 12:07:51   INFO [libs.ActionWithElements] : Дівчина, яку ми вбилиwas inputted into input
2019-21-07 12:19:47   INFO [pages.StartPage] : Start page was opened
2019-21-07 12:19:47   INFO [pages.StartPage] : https://book-ye.com.ua/
2019-21-07 12:19:47   INFO [pages.StartPage] : https://book-ye.com.ua/
2019-21-07 12:19:47   INFO [libs.ActionWithElements] : Element was clicked
2019-21-07 12:19:51   INFO [libs.ActionWithElements] : Element was clicked
2019-21-07 12:19:51   INFO [pages.FictionLiteraturePage] : https://book-ye.com.ua/catalog/khudozhnya-literatura/
2019-21-07 12:19:51   INFO [pages.FictionLiteraturePage] : https://book-ye.com.ua/catalog/khudozhnya-literatura/
2019-21-07 12:19:52   INFO [libs.ActionWithElements] : Element was clicked
2019-21-07 12:19:52   INFO [pages.HorrorsPage] : https://book-ye.com.ua/catalog/zhakhy-trylery/
2019-21-07 12:19:52   INFO [pages.HorrorsPage] : https://book-ye.com.ua/catalog/zhakhy-trylery/
2019-21-07 12:19:52   INFO [libs.ActionWithElements] : Дівчина, яку ми вбилиwas inputted into input
2019-21-07 12:19:54   INFO [libs.ActionWithElements] : Element was clicked
2019-21-07 12:33:14   INFO [pages.StartPage] : Start page was opened
2019-21-07 12:33:14   INFO [pages.StartPage] : https://book-ye.com.ua/
2019-21-07 12:33:14   INFO [pages.StartPage] : https://book-ye.com.ua/
2019-21-07 12:33:14   INFO [libs.ActionWithElements] : Element was clicked
2019-21-07 12:33:18   INFO [libs.ActionWithElements] : Element was clicked
2019-21-07 12:33:18   INFO [pages.FictionLiteraturePage] : https://book-ye.com.ua/catalog/khudozhnya-literatura/
2019-21-07 12:33:18   INFO [pages.FictionLiteraturePage] : https://book-ye.com.ua/catalog/khudozhnya-literatura/
2019-21-07 12:33:20   INFO [libs.ActionWithElements] : Element was clicked
2019-21-07 12:33:20   INFO [pages.HorrorsPage] : https://book-ye.com.ua/catalog/zhakhy-trylery/
2019-21-07 12:33:20   INFO [pages.HorrorsPage] : https://book-ye.com.ua/catalog/zhakhy-trylery/
2019-21-07 12:33:20   INFO [libs.ActionWithElements] : Дівчина, яку ми вбилиwas inputted into input
2019-21-07 12:33:21   INFO [libs.ActionWithElements] : Element was clicked
2019-21-07 12:33:21   INFO [libs.ActionWithElements] : Element was clicked
2019-21-07 12:33:24   INFO [libs.ActionWithElements] : Element was clicked
2019-21-07 13:08:28   INFO [pages.StartPage] : Start page was opened
2019-21-07 13:08:28   INFO [pages.StartPage] : https://book-ye.com.ua/
2019-21-07 13:08:28   INFO [pages.StartPage] : https://book-ye.com.ua/
2019-21-07 13:08:28   INFO [libs.ActionWithElements] : Element was clicked
2019-21-07 13:08:32   INFO [libs.ActionWithElements] : Element was clicked
2019-21-07 13:08:32   INFO [pages.FictionLiteraturePage] : https://book-ye.com.ua/catalog/khudozhnya-literatura/
2019-21-07 13:08:32   INFO [pages.FictionLiteraturePage] : https://book-ye.com.ua/catalog/khudozhnya-literatura/
2019-21-07 13:08:33   INFO [libs.ActionWithElements] : Element was clicked
2019-21-07 13:08:33   INFO [pages.HorrorsPage] : https://book-ye.com.ua/catalog/zhakhy-trylery/
2019-21-07 13:08:33   INFO [pages.HorrorsPage] : https://book-ye.com.ua/catalog/zhakhy-trylery/
2019-21-07 13:08:33   INFO [libs.ActionWithElements] : Дівчина, яку ми вбилиwas inputted into input
2019-21-07 13:08:35   INFO [libs.ActionWithElements] : Element was clicked
2019-21-07 13:08:35   INFO [libs.ActionWithElements] : Element was clicked
2019-21-07 13:08:37   INFO [libs.ActionWithElements] : Element was clicked
2019-21-07 13:08:37   INFO [pages.BasketPage] : https://book-ye.com.ua/personal/order/make/
2019-21-07 13:08:37   INFO [pages.BasketPage] : https://book-ye.com.ua/personal/order/make/
2019-21-07 13:22:09   INFO [pages.StartPage] : Start page was opened
2019-21-07 13:22:09   INFO [pages.StartPage] : https://book-ye.com.ua/
2019-21-07 13:22:09   INFO [pages.StartPage] : https://book-ye.com.ua/
2019-21-07 13:22:09   INFO [libs.ActionWithElements] : Element was clicked
2019-21-07 13:22:14   INFO [libs.ActionWithElements] : Element was clicked
2019-21-07 13:22:14   INFO [pages.FictionLiteraturePage] : https://book-ye.com.ua/catalog/khudozhnya-literatura/
2019-21-07 13:22:14   INFO [pages.FictionLiteraturePage] : https://book-ye.com.ua/catalog/khudozhnya-literatura/
2019-21-07 13:22:15   INFO [libs.ActionWithElements] : Element was clicked
2019-21-07 13:22:15   INFO [pages.HorrorsPage] : https://book-ye.com.ua/catalog/zhakhy-trylery/
2019-21-07 13:22:15   INFO [pages.HorrorsPage] : https://book-ye.com.ua/catalog/zhakhy-trylery/
2019-21-07 13:22:15   INFO [libs.ActionWithElements] : Дівчина, яку ми вбилиwas inputted into input
2019-21-07 13:22:16   INFO [libs.ActionWithElements] : Element was clicked
2019-21-07 13:22:16   INFO [libs.ActionWithElements] : Element was clicked
2019-21-07 13:22:19   INFO [libs.ActionWithElements] : Element was clicked
2019-21-07 13:22:19   INFO [pages.BasketPage] : https://book-ye.com.ua/personal/order/make/
2019-21-07 13:22:19   INFO [pages.BasketPage] : https://book-ye.com.ua/personal/order/make/
2019-21-07 13:25:04   INFO [pages.StartPage] : Start page was opened
2019-21-07 13:25:04   INFO [pages.StartPage] : https://book-ye.com.ua/
2019-21-07 13:25:04   INFO [pages.StartPage] : https://book-ye.com.ua/
2019-21-07 13:25:04   INFO [libs.ActionWithElements] : Element was clicked
2019-21-07 13:25:08   INFO [libs.ActionWithElements] : Element was clicked
2019-21-07 13:25:08   INFO [pages.FictionLiteraturePage] : https://book-ye.com.ua/catalog/khudozhnya-literatura/
2019-21-07 13:25:08   INFO [pages.FictionLiteraturePage] : https://book-ye.com.ua/catalog/khudozhnya-literatura/
2019-21-07 13:25:09   INFO [libs.ActionWithElements] : Element was clicked
2019-21-07 13:25:09   INFO [pages.HorrorsPage] : https://book-ye.com.ua/catalog/zhakhy-trylery/
2019-21-07 13:25:09   INFO [pages.HorrorsPage] : https://book-ye.com.ua/catalog/zhakhy-trylery/
2019-21-07 13:25:09   INFO [libs.ActionWithElements] : Дівчина, яку ми вбилиwas inputted into input
2019-21-07 13:25:11   INFO [libs.ActionWithElements] : Element was clicked
2019-21-07 13:25:11   INFO [libs.ActionWithElements] : Element was clicked
2019-21-07 13:25:13   INFO [libs.ActionWithElements] : Element was clicked
2019-21-07 13:25:13   INFO [pages.BasketPage] : https://book-ye.com.ua/personal/order/make/
2019-21-07 13:25:13   INFO [pages.BasketPage] : https://book-ye.com.ua/personal/order/make/
2019-21-07 13:33:09   INFO [pages.StartPage] : Start page was opened
2019-21-07 13:33:09   INFO [pages.StartPage] : https://book-ye.com.ua/
2019-21-07 13:33:09   INFO [pages.StartPage] : https://book-ye.com.ua/
2019-21-07 13:33:09   INFO [libs.ActionWithElements] : Element was clicked
2019-21-07 13:33:13   INFO [libs.ActionWithElements] : Element was clicked
2019-21-07 13:33:13   INFO [pages.FictionLiteraturePage] : https://book-ye.com.ua/catalog/khudozhnya-literatura/
2019-21-07 13:33:13   INFO [pages.FictionLiteraturePage] : https://book-ye.com.ua/catalog/khudozhnya-literatura/
2019-21-07 13:33:14   INFO [libs.ActionWithElements] : Element was clicked
2019-21-07 13:33:14   INFO [pages.HorrorsPage] : https://book-ye.com.ua/catalog/zhakhy-trylery/
2019-21-07 13:33:14   INFO [pages.HorrorsPage] : https://book-ye.com.ua/catalog/zhakhy-trylery/
2019-21-07 13:33:14   INFO [libs.ActionWithElements] : Дівчина, яку ми вбилиwas inputted into input
2019-21-07 13:33:15   INFO [libs.ActionWithElements] : Element was clicked
2019-21-07 13:33:16   INFO [libs.ActionWithElements] : Element was clicked
2019-21-07 13:33:18   INFO [libs.ActionWithElements] : Element was clicked
2019-21-07 13:33:18   INFO [pages.BasketPage] : https://book-ye.com.ua/personal/order/make/
2019-21-07 13:33:18   INFO [pages.BasketPage] : https://book-ye.com.ua/personal/order/make/
2019-21-07 13:40:23   INFO [pages.StartPage] : Start page was opened
2019-21-07 13:40:23   INFO [pages.StartPage] : https://book-ye.com.ua/
2019-21-07 13:40:23   INFO [pages.StartPage] : https://book-ye.com.ua/
2019-21-07 13:40:23   INFO [libs.ActionWithElements] : Element was clicked
2019-21-07 13:40:27   INFO [libs.ActionWithElements] : Element was clicked
2019-21-07 13:40:27   INFO [pages.FictionLiteraturePage] : https://book-ye.com.ua/catalog/khudozhnya-literatura/
2019-21-07 13:40:27   INFO [pages.FictionLiteraturePage] : https://book-ye.com.ua/catalog/khudozhnya-literatura/
2019-21-07 13:40:28   INFO [libs.ActionWithElements] : Element was clicked
2019-21-07 13:40:28   INFO [pages.HorrorsPage] : https://book-ye.com.ua/catalog/zhakhy-trylery/
2019-21-07 13:40:28   INFO [pages.HorrorsPage] : https://book-ye.com.ua/catalog/zhakhy-trylery/
2019-21-07 13:40:28   INFO [libs.ActionWithElements] : Дівчина, яку ми вбилиwas inputted into input
2019-21-07 13:40:29   INFO [libs.ActionWithElements] : Element was clicked
2019-21-07 13:40:30   INFO [libs.ActionWithElements] : Element was clicked
2019-21-07 13:40:32   INFO [libs.ActionWithElements] : Element was clicked
2019-21-07 13:40:32   INFO [pages.BasketPage] : https://book-ye.com.ua/personal/order/make/
2019-21-07 13:40:32   INFO [pages.BasketPage] : https://book-ye.com.ua/personal/order/make/
2019-21-07 13:40:32   INFO [libs.ActionWithElements] : Element was clicked
2019-21-07 13:40:32   INFO [pages.BasketPage] : https://book-ye.com.ua/personal/order/make/
2019-21-07 13:40:32   INFO [pages.BasketPage] : https://book-ye.com.ua/personal/order/make/
2019-21-07 13:46:28   INFO [pages.StartPage] : Start page was opened
2019-21-07 13:46:28   INFO [pages.StartPage] : https://book-ye.com.ua/
2019-21-07 13:46:28   INFO [pages.StartPage] : https://book-ye.com.ua/
2019-21-07 13:46:28   INFO [libs.ActionWithElements] : Element was clicked
2019-21-07 13:46:32   INFO [libs.ActionWithElements] : Element was clicked
2019-21-07 13:46:32   INFO [pages.FictionLiteraturePage] : https://book-ye.com.ua/catalog/khudozhnya-literatura/
2019-21-07 13:46:32   INFO [pages.FictionLiteraturePage] : https://book-ye.com.ua/catalog/khudozhnya-literatura/
2019-21-07 13:46:34   INFO [libs.ActionWithElements] : Element was clicked
2019-21-07 13:46:34   INFO [pages.HorrorsPage] : https://book-ye.com.ua/catalog/zhakhy-trylery/
2019-21-07 13:46:34   INFO [pages.HorrorsPage] : https://book-ye.com.ua/catalog/zhakhy-trylery/
2019-21-07 13:46:34   INFO [libs.ActionWithElements] : Дівчина, яку ми вбилиwas inputted into input
2019-21-07 13:46:35   INFO [libs.ActionWithElements] : Element was clicked
2019-21-07 13:46:35   INFO [libs.ActionWithElements] : Element was clicked
2019-21-07 13:46:38   INFO [libs.ActionWithElements] : Element was clicked
2019-21-07 13:46:38   INFO [pages.BasketPage] : https://book-ye.com.ua/personal/order/make/
2019-21-07 13:46:38   INFO [pages.BasketPage] : https://book-ye.com.ua/personal/order/make/
2019-21-07 13:46:38   INFO [libs.ActionWithElements] : Element was clicked
2019-21-07 13:46:38   INFO [pages.BasketPage] : https://book-ye.com.ua/personal/order/make/
2019-21-07 13:46:38   INFO [pages.BasketPage] : https://book-ye.com.ua/personal/order/make/
2019-21-07 13:47:12   INFO [pages.StartPage] : Start page was opened
2019-21-07 13:47:12   INFO [pages.StartPage] : https://book-ye.com.ua/
2019-21-07 13:47:12   INFO [pages.StartPage] : https://book-ye.com.ua/
2019-21-07 13:47:13   INFO [libs.ActionWithElements] : Element was clicked
2019-21-07 13:47:16   INFO [libs.ActionWithElements] : Element was clicked
2019-21-07 13:47:16   INFO [pages.FictionLiteraturePage] : https://book-ye.com.ua/catalog/khudozhnya-literatura/
2019-21-07 13:47:16   INFO [pages.FictionLiteraturePage] : https://book-ye.com.ua/catalog/khudozhnya-literatura/
2019-21-07 13:47:18   INFO [libs.ActionWithElements] : Element was clicked
2019-21-07 13:47:18   INFO [pages.HorrorsPage] : https://book-ye.com.ua/catalog/zhakhy-trylery/
2019-21-07 13:47:18   INFO [pages.HorrorsPage] : https://book-ye.com.ua/catalog/zhakhy-trylery/
2019-21-07 13:47:18   INFO [libs.ActionWithElements] : Дівчина, яку ми вбилиwas inputted into input
2019-21-07 13:47:19   INFO [libs.ActionWithElements] : Element was clicked
2019-21-07 13:47:19   INFO [libs.ActionWithElements] : Element was clicked
2019-21-07 13:47:22   INFO [libs.ActionWithElements] : Element was clicked
2019-21-07 13:47:22   INFO [pages.BasketPage] : https://book-ye.com.ua/personal/order/make/
2019-21-07 13:47:22   INFO [pages.BasketPage] : https://book-ye.com.ua/personal/order/make/
2019-21-07 13:57:43   INFO [pages.StartPage] : Start page was opened
2019-21-07 13:57:43   INFO [libs.ActionWithElements] : Element was clicked
2019-21-07 13:57:44   INFO [libs.ActionWithElements] : Element was clicked
2019-21-07 13:57:44   INFO [libs.ActionWithElements] : Yuliiawas inputted into input
2019-21-07 13:57:44   INFO [libs.ActionWithElements] : was inputted into input
2019-21-07 13:57:44   INFO [libs.ActionWithElements] : was inputted into input
2019-21-07 13:57:45   INFO [libs.ActionWithElements] : Element was clicked
2019-21-07 13:57:48   INFO [pages.StartPage] : Start page was opened
2019-21-07 13:57:49   INFO [libs.ActionWithElements] : Element was clicked
2019-21-07 13:57:49   INFO [libs.ActionWithElements] : Element was clicked
2019-21-07 13:57:49   INFO [libs.ActionWithElements] : Yuliia2019-07-21_13-57-45was inputted into input
2019-21-07 13:57:50   INFO [libs.ActionWithElements] : chernysh1993+2019-07-21_13-57-45@gamil.comwas inputted into input
2019-21-07 13:57:50   INFO [libs.ActionWithElements] : passswordwas inputted into input
2019-21-07 13:57:50   INFO [libs.ActionWithElements] : Element was clicked
2019-21-07 13:57:54   INFO [pages.StartPage] : Start page was opened
2019-21-07 13:57:54   INFO [pages.StartPage] : https://book-ye.com.ua/
2019-21-07 13:57:54   INFO [pages.StartPage] : https://book-ye.com.ua/
2019-21-07 13:57:54   INFO [libs.ActionWithElements] : Element was clicked
2019-21-07 13:57:55   INFO [libs.ActionWithElements] : Yuliia2019-07-21_13-57-50was inputted into input
2019-21-07 13:57:55   INFO [libs.ActionWithElements] : chernysh1993+2019-07-21_13-57-50@gamil.comwas inputted into input
2019-21-07 13:57:55   INFO [libs.ActionWithElements] : This is testwas inputted into input
2019-21-07 13:57:55   INFO [libs.ActionWithElements] : Element was clicked
2019-21-07 13:57:59   INFO [pages.StartPage] : Start page was opened
2019-21-07 13:57:59   INFO [pages.StartPage] : https://book-ye.com.ua/
2019-21-07 13:57:59   INFO [pages.StartPage] : https://book-ye.com.ua/
2019-21-07 13:57:59   INFO [libs.ActionWithElements] : Element was clicked
2019-21-07 13:58:04   INFO [libs.ActionWithElements] : Element was clicked
2019-21-07 13:58:04   INFO [pages.CatalogPage] : https://book-ye.com.ua/catalog/nekhudozhnya-literatura/
2019-21-07 13:58:04   INFO [pages.CatalogPage] : https://book-ye.com.ua/catalog/nekhudozhnya-literatura/
2019-21-07 13:58:05   INFO [libs.ActionWithElements] : Element was clicked
2019-21-07 13:58:05   INFO [pages.LegalLiteraturePage] : https://book-ye.com.ua/catalog/yurydychna-literatura/
2019-21-07 13:58:05   INFO [pages.LegalLiteraturePage] : https://book-ye.com.ua/catalog/yurydychna-literatura/
2019-21-07 13:58:06   INFO [libs.ActionWithElements] : Element was clicked
2019-21-07 13:58:06   INFO [pages.ConstitutionalRighPage] : https://book-ye.com.ua/catalog/konstytutsijne-pravo/
2019-21-07 13:58:06   INFO [pages.ConstitutionalRighPage] : https://book-ye.com.ua/catalog/konstytutsijne-pravo/
2019-21-07 13:58:06   INFO [libs.ActionWithElements] : Element was clicked
2019-21-07 13:58:08   INFO [libs.ActionWithElements] : Element was clicked
2019-21-07 13:58:08   INFO [libs.ActionWithElements] : Element was clicked
2019-21-07 13:58:12   INFO [pages.StartPage] : Start page was opened
2019-21-07 13:58:12   INFO [pages.StartPage] : https://book-ye.com.ua/
2019-21-07 13:58:12   INFO [pages.StartPage] : https://book-ye.com.ua/
2019-21-07 13:58:12   INFO [libs.ActionWithElements] : Element was clicked
2019-21-07 13:58:16   INFO [libs.ActionWithElements] : Element was clicked
2019-21-07 13:58:16   INFO [pages.FictionLiteraturePage] : https://book-ye.com.ua/catalog/khudozhnya-literatura/
2019-21-07 13:58:16   INFO [pages.FictionLiteraturePage] : https://book-ye.com.ua/catalog/khudozhnya-literatura/
2019-21-07 13:58:17   INFO [libs.ActionWithElements] : Element was clicked
2019-21-07 13:58:17   INFO [pages.HorrorsPage] : https://book-ye.com.ua/catalog/zhakhy-trylery/
2019-21-07 13:58:17   INFO [pages.HorrorsPage] : https://book-ye.com.ua/catalog/zhakhy-trylery/
2019-21-07 13:58:17   INFO [libs.ActionWithElements] : Дівчина, яку ми вбилиwas inputted into input
2019-21-07 13:58:19   INFO [libs.ActionWithElements] : Element was clicked
2019-21-07 13:58:19   INFO [libs.ActionWithElements] : Element was clicked
2019-21-07 13:58:21   INFO [libs.ActionWithElements] : Element was clicked
2019-21-07 13:58:21   INFO [pages.BasketPage] : https://book-ye.com.ua/personal/order/make/
2019-21-07 13:58:21   INFO [pages.BasketPage] : https://book-ye.com.ua/personal/order/make/
2019-21-07 13:58:25   INFO [pages.StartPage] : Start page was opened
2019-21-07 13:58:25   INFO [pages.StartPage] : https://book-ye.com.ua/
2019-21-07 13:58:25   INFO [pages.StartPage] : https://book-ye.com.ua/
2019-21-07 13:58:25   INFO [libs.ActionWithElements] : Element was clicked
2019-21-07 13:58:29   INFO [libs.ActionWithElements] : Element was clicked
2019-21-07 13:58:29   INFO [pages.FictionLiteraturePage] : https://book-ye.com.ua/catalog/khudozhnya-literatura/
2019-21-07 13:58:29   INFO [pages.FictionLiteraturePage] : https://book-ye.com.ua/catalog/khudozhnya-literatura/
2019-21-07 13:58:30   INFO [libs.ActionWithElements] : Element was clicked
2019-21-07 13:58:30   INFO [pages.HorrorsPage] : https://book-ye.com.ua/catalog/zhakhy-trylery/
2019-21-07 13:58:30   INFO [pages.HorrorsPage] : https://book-ye.com.ua/catalog/zhakhy-trylery/
2019-21-07 13:58:30   INFO [libs.ActionWithElements] : Дівчина, яку ми вбилиwas inputted into input
2019-21-07 13:58:32   INFO [libs.ActionWithElements] : Element was clicked
2019-21-07 13:58:32   INFO [libs.ActionWithElements] : Element was clicked
2019-21-07 13:58:34   INFO [libs.ActionWithElements] : Element was clicked
2019-21-07 13:58:34   INFO [pages.BasketPage] : https://book-ye.com.ua/personal/order/make/
2019-21-07 13:58:34   INFO [pages.BasketPage] : https://book-ye.com.ua/personal/order/make/
2019-21-07 13:58:34   INFO [libs.ActionWithElements] : Element was clicked
2019-21-07 13:58:34   INFO [pages.BasketPage] : https://book-ye.com.ua/personal/order/make/
2019-21-07 13:58:34   INFO [pages.BasketPage] : https://book-ye.com.ua/personal/order/make/
2019-21-07 14:00:26   INFO [pages.StartPage] : Start page was opened
2019-21-07 14:00:26   INFO [libs.ActionWithElements] : Element was clicked
2019-21-07 14:00:27   INFO [libs.ActionWithElements] : Element was clicked
2019-21-07 14:00:27   INFO [libs.ActionWithElements] : Yuliiawas inputted into input
2019-21-07 14:00:27   INFO [libs.ActionWithElements] : was inputted into input
2019-21-07 14:00:27   INFO [libs.ActionWithElements] : was inputted into input
2019-21-07 14:00:27   INFO [libs.ActionWithElements] : Element was clicked
2019-21-07 14:05:21   INFO [pages.StartPage] : Start page was opened
2019-21-07 14:05:22   INFO [libs.ActionWithElements] : Element was clicked
2019-21-07 14:05:22   INFO [libs.ActionWithElements] : Element was clicked
2019-21-07 14:05:22   INFO [libs.ActionWithElements] : Yuliiawas inputted into input
2019-21-07 14:05:22   INFO [libs.ActionWithElements] : was inputted into input
2019-21-07 14:05:22   INFO [libs.ActionWithElements] : was inputted into input
2019-21-07 14:05:23   INFO [libs.ActionWithElements] : Element was clicked
2019-21-07 14:06:11   INFO [pages.StartPage] : Start page was opened
2019-21-07 14:06:11   INFO [libs.ActionWithElements] : Element was clicked
2019-21-07 14:06:11   INFO [libs.ActionWithElements] : Element was clicked
2019-21-07 14:06:11   INFO [libs.ActionWithElements] : Yuliiawas inputted into input
2019-21-07 14:06:12   INFO [libs.ActionWithElements] : was inputted into input
2019-21-07 14:06:12   INFO [libs.ActionWithElements] : was inputted into input
2019-21-07 14:06:12   INFO [libs.ActionWithElements] : Element was clicked
2019-21-07 14:06:16   INFO [pages.StartPage] : Start page was opened
2019-21-07 14:06:16   INFO [libs.ActionWithElements] : Element was clicked
2019-21-07 14:06:16   INFO [libs.ActionWithElements] : Element was clicked
2019-21-07 14:06:17   INFO [libs.ActionWithElements] : Yuliiawas inputted into input
2019-21-07 14:06:17   INFO [libs.ActionWithElements] : chernysh1993+test1@gmail.comwas inputted into input
2019-21-07 14:06:17   INFO [libs.ActionWithElements] : was inputted into input
2019-21-07 14:06:17   INFO [libs.ActionWithElements] : Element was clicked
2019-21-07 14:06:21   INFO [pages.StartPage] : Start page was opened
2019-21-07 14:06:21   INFO [libs.ActionWithElements] : Element was clicked
2019-21-07 14:06:22   INFO [libs.ActionWithElements] : Element was clicked
2019-21-07 14:06:22   INFO [libs.ActionWithElements] : was inputted into input
2019-21-07 14:06:22   INFO [libs.ActionWithElements] : chernysh1993+test1@gmail.comwas inputted into input
2019-21-07 14:06:22   INFO [libs.ActionWithElements] : was inputted into input
2019-21-07 14:06:22   INFO [libs.ActionWithElements] : Element was clicked
2019-21-07 14:09:33   INFO [pages.StartPage] : Start page was opened
2019-21-07 14:09:34   INFO [libs.ActionWithElements] : Element was clicked
2019-21-07 14:09:34   INFO [libs.ActionWithElements] : Element was clicked
2019-21-07 14:09:34   INFO [libs.ActionWithElements] : Yuliiawas inputted into input
2019-21-07 14:09:34   INFO [libs.ActionWithElements] : was inputted into input
2019-21-07 14:09:34   INFO [libs.ActionWithElements] : was inputted into input
2019-21-07 14:09:59   INFO [libs.ActionWithElements] : Element was clicked
2019-21-07 14:10:48   INFO [pages.StartPage] : Start page was opened
2019-21-07 14:10:48   INFO [libs.ActionWithElements] : Element was clicked
2019-21-07 14:10:49   INFO [libs.ActionWithElements] : Element was clicked
2019-21-07 14:10:49   INFO [libs.ActionWithElements] : Yuliiawas inputted into input
2019-21-07 14:10:49   INFO [libs.ActionWithElements] : chernysh1993+test1@gmail.comwas inputted into input
2019-21-07 14:10:49   INFO [libs.ActionWithElements] : was inputted into input
2019-21-07 14:10:54   INFO [libs.ActionWithElements] : Element was clicked
2019-21-07 14:12:16   INFO [pages.StartPage] : Start page was opened
2019-21-07 14:12:16   INFO [libs.ActionWithElements] : Element was clicked
2019-21-07 14:12:16   INFO [libs.ActionWithElements] : Element was clicked
2019-21-07 14:12:17   INFO [libs.ActionWithElements] : was inputted into input
2019-21-07 14:12:17   INFO [libs.ActionWithElements] : chernysh1993+test1@gmail.comwas inputted into input
2019-21-07 14:12:17   INFO [libs.ActionWithElements] : was inputted into input
2019-21-07 14:12:20   INFO [libs.ActionWithElements] : Element was clicked
2019-21-07 14:13:14   INFO [pages.StartPage] : Start page was opened
2019-21-07 14:13:14   INFO [libs.ActionWithElements] : Element was clicked
2019-21-07 14:13:15   INFO [libs.ActionWithElements] : Element was clicked
2019-21-07 14:13:15   INFO [libs.ActionWithElements] : Yuliiawas inputted into input
2019-21-07 14:13:15   INFO [libs.ActionWithElements] : was inputted into input
2019-21-07 14:13:15   INFO [libs.ActionWithElements] : was inputted into input
2019-21-07 14:13:15   INFO [libs.ActionWithElements] : Element was clicked
2019-21-07 14:13:19   INFO [pages.StartPage] : Start page was opened
2019-21-07 14:13:19   INFO [libs.ActionWithElements] : Element was clicked
2019-21-07 14:13:20   INFO [libs.ActionWithElements] : Element was clicked
2019-21-07 14:13:20   INFO [libs.ActionWithElements] : Yuliiawas inputted into input
2019-21-07 14:13:20   INFO [libs.ActionWithElements] : chernysh1993+test1@gmail.comwas inputted into input
2019-21-07 14:13:20   INFO [libs.ActionWithElements] : was inputted into input
2019-21-07 14:13:20   INFO [libs.ActionWithElements] : Element was clicked
2019-21-07 14:13:24   INFO [pages.StartPage] : Start page was opened
2019-21-07 14:13:24   INFO [libs.ActionWithElements] : Element was clicked
2019-21-07 14:13:25   INFO [libs.ActionWithElements] : Element was clicked
2019-21-07 14:13:25   INFO [libs.ActionWithElements] : was inputted into input
2019-21-07 14:13:25   INFO [libs.ActionWithElements] : chernysh1993+test1@gmail.comwas inputted into input
2019-21-07 14:13:25   INFO [libs.ActionWithElements] : was inputted into input
2019-21-07 14:13:25   INFO [libs.ActionWithElements] : Element was clicked
